This is pdfTeX, Version 3.14159265-2.6-1.40.21 (TeX Live 2020) (preloaded format=pdflatex 2020.4.7)  18 MAR 2021 12:13
entering extended mode
 restricted \write18 enabled.
 %&-line parsing enabled.
**doc.tex
(./doc.tex
LaTeX2e <2020-02-02> patch level 5
L3 programming layer <2020-03-06>
(/usr/local/texlive/2020/texmf-dist/tex/latex/base/article.cls
Document Class: article 2019/12/20 v1.4l Standard LaTeX document class
(/usr/local/texlive/2020/texmf-dist/tex/latex/base/size10.clo
File: size10.clo 2019/12/20 v1.4l Standard LaTeX file (size option)
)
\c@part=\count167
\c@section=\count168
\c@subsection=\count169
\c@subsubsection=\count170
\c@paragraph=\count171
\c@subparagraph=\count172
\c@figure=\count173
\c@table=\count174
\abovecaptionskip=\skip47
\belowcaptionskip=\skip48
\bibindent=\dimen134
)
(./preamble/packages.tex
(/usr/local/texlive/2020/texmf-dist/tex/latex/pdfsync/pdfsync.sty
Package: pdfsync 2008/01/26 v1.1
)
(/usr/local/texlive/2020/texmf-dist/tex/latex/tools/enumerate.sty
Package: enumerate 2015/07/23 v3.00 enumerate extensions (DPC)
\@enLab=\toks15
)
(/usr/local/texlive/2020/texmf-dist/tex/latex/listings/listings.sty
(/usr/local/texlive/2020/texmf-dist/tex/latex/graphics/keyval.sty
Package: keyval 2014/10/28 v1.15 key=value parser (DPC)
\KV@toks@=\toks16
)
\lst@mode=\count175
\lst@gtempboxa=\box45
\lst@token=\toks17
\lst@length=\count176
\lst@currlwidth=\dimen135
\lst@column=\count177
\lst@pos=\count178
\lst@lostspace=\dimen136
\lst@width=\dimen137
\lst@newlines=\count179
\lst@lineno=\count180
\lst@maxwidth=\dimen138

(/usr/local/texlive/2020/texmf-dist/tex/latex/listings/lstmisc.sty
File: lstmisc.sty 2020/03/24 1.8d (Carsten Heinz)
\c@lstnumber=\count181
\lst@skipnumbers=\count182
\lst@framebox=\box46
)
(/usr/local/texlive/2020/texmf-dist/tex/latex/listings/listings.cfg
File: listings.cfg 2020/03/24 1.8d listings configuration
))
Package: listings 2020/03/24 1.8d (Carsten Heinz)

(/usr/local/texlive/2020/texmf-dist/tex/latex/framed/framed.sty
Package: framed 2011/10/22 v 0.96: framed or shaded text with page breaks
\OuterFrameSep=\skip49
\fb@frw=\dimen139
\fb@frh=\dimen140
\FrameRule=\dimen141
\FrameSep=\dimen142
)
(/usr/local/texlive/2020/texmf-dist/tex/latex/float/float.sty
Package: float 2001/11/08 v1.3d Float enhancements (AL)
\c@float@type=\count183
\float@exts=\toks18
\float@box=\box47
\@float@everytoks=\toks19
\@floatcapt=\box48
)
(/usr/local/texlive/2020/texmf-dist/tex/latex/amsmath/amsmath.sty
Package: amsmath 2020/01/20 v2.17e AMS math features
\@mathmargin=\skip50

For additional information on amsmath, use the `?' option.
(/usr/local/texlive/2020/texmf-dist/tex/latex/amsmath/amstext.sty
Package: amstext 2000/06/29 v2.01 AMS text

(/usr/local/texlive/2020/texmf-dist/tex/latex/amsmath/amsgen.sty
File: amsgen.sty 1999/11/30 v2.0 generic functions
\@emptytoks=\toks20
\ex@=\dimen143
))
(/usr/local/texlive/2020/texmf-dist/tex/latex/amsmath/amsbsy.sty
Package: amsbsy 1999/11/29 v1.2d Bold Symbols
\pmbraise@=\dimen144
)
(/usr/local/texlive/2020/texmf-dist/tex/latex/amsmath/amsopn.sty
Package: amsopn 2016/03/08 v2.02 operator names
)
\inf@bad=\count184
LaTeX Info: Redefining \frac on input line 227.
\uproot@=\count185
\leftroot@=\count186
LaTeX Info: Redefining \overline on input line 389.
\classnum@=\count187
\DOTSCASE@=\count188
LaTeX Info: Redefining \ldots on input line 486.
LaTeX Info: Redefining \dots on input line 489.
LaTeX Info: Redefining \cdots on input line 610.
\Mathstrutbox@=\box49
\strutbox@=\box50
\big@size=\dimen145
LaTeX Font Info:    Redeclaring font encoding OML on input line 733.
LaTeX Font Info:    Redeclaring font encoding OMS on input line 734.
\macc@depth=\count189
\c@MaxMatrixCols=\count190
\dotsspace@=\muskip16
\c@parentequation=\count191
\dspbrk@lvl=\count192
\tag@help=\toks21
\row@=\count193
\column@=\count194
\maxfields@=\count195
\andhelp@=\toks22
\eqnshift@=\dimen146
\alignsep@=\dimen147
\tagshift@=\dimen148
\tagwidth@=\dimen149
\totwidth@=\dimen150
\lineht@=\dimen151
\@envbody=\toks23
\multlinegap=\skip51
\multlinetaggap=\skip52
\mathdisplay@stack=\toks24
LaTeX Info: Redefining \[ on input line 2859.
LaTeX Info: Redefining \] on input line 2860.
)
(/usr/local/texlive/2020/texmf-dist/tex/latex/doublestroke/dsfont.sty
Package: dsfont 1995/08/01 v0.1 Double stroke roman fonts
)
(/usr/local/texlive/2020/texmf-dist/tex/latex/tools/bm.sty
Package: bm 2019/07/24 v1.2d Bold Symbol Support (DPC/FMi)
\symboldoperators=\mathgroup4
\symboldletters=\mathgroup5
\symboldsymbols=\mathgroup6
LaTeX Font Info:    Redeclaring math alphabet \mathbf on input line 141.
LaTeX Info: Redefining \bm on input line 209.
)
(/usr/local/texlive/2020/texmf-dist/tex/latex/tools/multicol.sty
Package: multicol 2019/12/09 v1.8y multicolumn formatting (FMi)
\c@tracingmulticols=\count196
\mult@box=\box51
\multicol@leftmargin=\dimen152
\c@unbalance=\count197
\c@collectmore=\count198
\doublecol@number=\count199
\multicoltolerance=\count266
\multicolpretolerance=\count267
\full@width=\dimen153
\page@free=\dimen154
\premulticols=\dimen155
\postmulticols=\dimen156
\multicolsep=\skip53
\multicolbaselineskip=\skip54
\partial@page=\box52
\last@line=\box53
\maxbalancingoverflow=\dimen157
\mult@rightbox=\box54
\mult@grightbox=\box55
\mult@gfirstbox=\box56
\mult@firstbox=\box57
\@tempa=\box58
\@tempa=\box59
\@tempa=\box60
\@tempa=\box61
\@tempa=\box62
\@tempa=\box63
\@tempa=\box64
\@tempa=\box65
\@tempa=\box66
\@tempa=\box67
\@tempa=\box68
\@tempa=\box69
\@tempa=\box70
\@tempa=\box71
\@tempa=\box72
\@tempa=\box73
\@tempa=\box74
\@tempa=\box75
\@tempa=\box76
\@tempa=\box77
\@tempa=\box78
\@tempa=\box79
\@tempa=\box80
\@tempa=\box81
\@tempa=\box82
\@tempa=\box83
\@tempa=\box84
\@tempa=\box85
\@tempa=\box86
\@tempa=\box87
\@tempa=\box88
\@tempa=\box89
\@tempa=\box90
\@tempa=\box91
\@tempa=\box92
\@tempa=\box93
\@tempa=\box94
\c@minrows=\count268
\c@columnbadness=\count269
\c@finalcolumnbadness=\count270
\last@try=\dimen158
\multicolovershoot=\dimen159
\multicolundershoot=\dimen160
\mult@nat@firstbox=\box95
\colbreak@box=\box96
\mc@col@check@num=\count271
)
(/usr/local/texlive/2020/texmf-dist/tex/latex/caption/subcaption.sty
Package: subcaption 2020/01/22 v1.3d Sub-captions (AR)

(/usr/local/texlive/2020/texmf-dist/tex/latex/caption/caption.sty
Package: caption 2020/01/03 v3.4h Customizing captions (AR)

(/usr/local/texlive/2020/texmf-dist/tex/latex/caption/caption3.sty
Package: caption3 2020/01/03 v1.8h caption3 kernel (AR)
Package caption3 Info: TeX engine: e-TeX on input line 61.
\captionmargin=\dimen161
\captionmargin@=\dimen162
\captionwidth=\dimen163
\caption@tempdima=\dimen164
\caption@indent=\dimen165
\caption@parindent=\dimen166
\caption@hangindent=\dimen167
Package caption Info: Standard document class detected.
)
\c@caption@flags=\count272
\c@continuedfloat=\count273
Package caption Info: float package is loaded.
Package caption Info: listings package is loaded.
)
\c@subfigure=\count274
\c@subtable=\count275
)
(/usr/local/texlive/2020/texmf-dist/tex/latex/enumitem/enumitem.sty
Package: enumitem 2019/06/20 v3.9 Customized lists
\labelindent=\skip55
\enit@outerparindent=\dimen168
\enit@toks=\toks25
\enit@inbox=\box97
\enit@count@id=\count276
\enitdp@description=\count277
)
(/usr/local/texlive/2020/texmf-dist/tex/latex/titlesec/titlesec.sty
Package: titlesec 2019/10/16 v2.13 Sectioning titles
\ttl@box=\box98
\beforetitleunit=\skip56
\aftertitleunit=\skip57
\ttl@plus=\dimen169
\ttl@minus=\dimen170
\ttl@toksa=\toks26
\titlewidth=\dimen171
\titlewidthlast=\dimen172
\titlewidthfirst=\dimen173
)
(/usr/local/texlive/2020/texmf-dist/tex/latex/wrapfig/wrapfig.sty
\wrapoverhang=\dimen174
\WF@size=\dimen175
\c@WF@wrappedlines=\count278
\WF@box=\box99
\WF@everypar=\toks27
Package: wrapfig 2003/01/31  v 3.6
)
(/usr/local/texlive/2020/texmf-dist/tex/latex/mdframed/mdframed.sty
Package: mdframed 2013/07/01 1.9b: mdframed

(/usr/local/texlive/2020/texmf-dist/tex/latex/kvoptions/kvoptions.sty
Package: kvoptions 2019/11/29 v3.13 Key value format for package options (HO)

(/usr/local/texlive/2020/texmf-dist/tex/generic/ltxcmds/ltxcmds.sty
Package: ltxcmds 2019/12/15 v1.24 LaTeX kernel commands for general use (HO)
)
(/usr/local/texlive/2020/texmf-dist/tex/generic/kvsetkeys/kvsetkeys.sty
Package: kvsetkeys 2019/12/15 v1.18 Key value parser (HO)
))
(/usr/local/texlive/2020/texmf-dist/tex/latex/l3packages/xparse/xparse.sty
(/usr/local/texlive/2020/texmf-dist/tex/latex/l3kernel/expl3.sty
Package: expl3 2020-03-06 L3 programming layer (loader) 

(/usr/local/texlive/2020/texmf-dist/tex/latex/l3backend/l3backend-pdfmode.def
File: l3backend-pdfmode.def 2020-03-12 L3 backend support: PDF mode
\l__kernel_color_stack_int=\count279
\l__pdf_internal_box=\box100
))
Package: xparse 2020-03-06 L3 Experimental document command parser
\l__xparse_current_arg_int=\count280
\g__xparse_grabber_int=\count281
\l__xparse_m_args_int=\count282
\l__xparse_v_nesting_int=\count283
) (/usr/local/texlive/2020/texmf-dist/tex/latex/etoolbox/etoolbox.sty
Package: etoolbox 2019/09/21 v2.5h e-TeX tools for LaTeX (JAW)
\etb@tempcnta=\count284
)
(/usr/local/texlive/2020/texmf-dist/tex/latex/zref/zref-abspage.sty
Package: zref-abspage 2020-03-03 v2.29 Module abspage for zref (HO)

(/usr/local/texlive/2020/texmf-dist/tex/latex/zref/zref-base.sty
Package: zref-base 2020-03-03 v2.29 Module base for zref (HO)

(/usr/local/texlive/2020/texmf-dist/tex/generic/infwarerr/infwarerr.sty
Package: infwarerr 2019/12/03 v1.5 Providing info/warning/error messages (HO)
)
(/usr/local/texlive/2020/texmf-dist/tex/generic/kvdefinekeys/kvdefinekeys.sty
Package: kvdefinekeys 2019-12-19 v1.6 Define keys (HO)
)
(/usr/local/texlive/2020/texmf-dist/tex/latex/pdftexcmds/pdftexcmds.sty
Package: pdftexcmds 2019/11/24 v0.31 Utility functions of pdfTeX for LuaTeX (HO
)

(/usr/local/texlive/2020/texmf-dist/tex/generic/iftex/iftex.sty
Package: iftex 2020/03/06 v1.0d TeX engine tests
)
Package pdftexcmds Info: \pdf@primitive is available.
Package pdftexcmds Info: \pdf@ifprimitive is available.
Package pdftexcmds Info: \pdfdraftmode found.
)
(/usr/local/texlive/2020/texmf-dist/tex/generic/etexcmds/etexcmds.sty
Package: etexcmds 2019/12/15 v1.7 Avoid name clashes with e-TeX commands (HO)
)
(/usr/local/texlive/2020/texmf-dist/tex/latex/auxhook/auxhook.sty
Package: auxhook 2019-12-17 v1.6 Hooks for auxiliary files (HO)
)
Package zref Info: New property list: main on input line 763.
Package zref Info: New property: default on input line 764.
Package zref Info: New property: page on input line 765.
)
(/usr/local/texlive/2020/texmf-dist/tex/generic/atbegshi/atbegshi.sty
Package: atbegshi 2019/12/05 v1.19 At begin shipout hook (HO)
)
\c@abspage=\count285
Package zref Info: New property: abspage on input line 66.
)
(/usr/local/texlive/2020/texmf-dist/tex/latex/needspace/needspace.sty
Package: needspace 2010/09/12 v1.3d reserve vertical space
)
(/usr/local/texlive/2020/texmf-dist/tex/latex/graphics/color.sty
Package: color 2019/11/23 v1.2a Standard LaTeX Color (DPC)

(/usr/local/texlive/2020/texmf-dist/tex/latex/graphics-cfg/color.cfg
File: color.cfg 2016/01/02 v1.6 sample color configuration
)
Package color Info: Driver file: pdftex.def on input line 147.

(/usr/local/texlive/2020/texmf-dist/tex/latex/graphics-def/pdftex.def
File: pdftex.def 2018/01/08 v1.0l Graphics/color driver for pdftex
))
\mdf@templength=\skip58
\c@mdf@globalstyle@cnt=\count286
\mdf@skipabove@length=\skip59
\mdf@skipbelow@length=\skip60
\mdf@leftmargin@length=\skip61
\mdf@rightmargin@length=\skip62
\mdf@innerleftmargin@length=\skip63
\mdf@innerrightmargin@length=\skip64
\mdf@innertopmargin@length=\skip65
\mdf@innerbottommargin@length=\skip66
\mdf@splittopskip@length=\skip67
\mdf@splitbottomskip@length=\skip68
\mdf@outermargin@length=\skip69
\mdf@innermargin@length=\skip70
\mdf@linewidth@length=\skip71
\mdf@innerlinewidth@length=\skip72
\mdf@middlelinewidth@length=\skip73
\mdf@outerlinewidth@length=\skip74
\mdf@roundcorner@length=\skip75
\mdf@footenotedistance@length=\skip76
\mdf@userdefinedwidth@length=\skip77
\mdf@needspace@length=\skip78
\mdf@frametitleaboveskip@length=\skip79
\mdf@frametitlebelowskip@length=\skip80
\mdf@frametitlerulewidth@length=\skip81
\mdf@frametitleleftmargin@length=\skip82
\mdf@frametitlerightmargin@length=\skip83
\mdf@shadowsize@length=\skip84
\mdf@extratopheight@length=\skip85
\mdf@subtitleabovelinewidth@length=\skip86
\mdf@subtitlebelowlinewidth@length=\skip87
\mdf@subtitleaboveskip@length=\skip88
\mdf@subtitlebelowskip@length=\skip89
\mdf@subtitleinneraboveskip@length=\skip90
\mdf@subtitleinnerbelowskip@length=\skip91
\mdf@subsubtitleabovelinewidth@length=\skip92
\mdf@subsubtitlebelowlinewidth@length=\skip93
\mdf@subsubtitleaboveskip@length=\skip94
\mdf@subsubtitlebelowskip@length=\skip95
\mdf@subsubtitleinneraboveskip@length=\skip96
\mdf@subsubtitleinnerbelowskip@length=\skip97

(/usr/local/texlive/2020/texmf-dist/tex/latex/mdframed/md-frame-0.mdf
File: md-frame-0.mdf 2013/07/01\ 1.9b: md-frame-0
)
\mdf@frametitlebox=\box101
\mdf@footnotebox=\box102
\mdf@splitbox@one=\box103
\mdf@splitbox@two=\box104
\mdf@splitbox@save=\box105
\mdfsplitboxwidth=\skip98
\mdfsplitboxtotalwidth=\skip99
\mdfsplitboxheight=\skip100
\mdfsplitboxdepth=\skip101
\mdfsplitboxtotalheight=\skip102
\mdfframetitleboxwidth=\skip103
\mdfframetitleboxtotalwidth=\skip104
\mdfframetitleboxheight=\skip105
\mdfframetitleboxdepth=\skip106
\mdfframetitleboxtotalheight=\skip107
\mdffootnoteboxwidth=\skip108
\mdffootnoteboxtotalwidth=\skip109
\mdffootnoteboxheight=\skip110
\mdffootnoteboxdepth=\skip111
\mdffootnoteboxtotalheight=\skip112
\mdftotallinewidth=\skip113
\mdfboundingboxwidth=\skip114
\mdfboundingboxtotalwidth=\skip115
\mdfboundingboxheight=\skip116
\mdfboundingboxdepth=\skip117
\mdfboundingboxtotalheight=\skip118
\mdf@freevspace@length=\skip119
\mdf@horizontalwidthofbox@length=\skip120
\mdf@verticalmarginwhole@length=\skip121
\mdf@horizontalspaceofbox=\skip122
\mdfsubtitleheight=\skip123
\mdfsubsubtitleheight=\skip124
\c@mdfcountframes=\count287

****** mdframed patching \endmdf@trivlist

****** -- success******

\mdf@envdepth=\count288
\c@mdf@env@i=\count289
\c@mdf@env@ii=\count290
\c@mdf@zref@counter=\count291
Package zref Info: New property: mdf@pagevalue on input line 895.
)
(/usr/local/texlive/2020/texmf-dist/tex/latex/placeins/placeins.sty
Package: placeins 2005/04/18  v 2.2
))
(/usr/local/texlive/2020/texmf-dist/tex/latex/tools/array.sty
Package: array 2019/08/31 v2.4l Tabular extension package (FMi)
\col@sep=\dimen176
\ar@mcellbox=\box106
\extrarowheight=\dimen177
\NC@list=\toks28
\extratabsurround=\skip125
\backup@length=\skip126
\ar@cellbox=\box107
)
(./preamble/settings.tex
(/usr/local/texlive/2020/texmf-dist/tex/latex/listings/lstlang1.sty
File: lstlang1.sty 2020/03/24 1.8d listings language file
)
(/usr/local/texlive/2020/texmf-dist/tex/latex/amsfonts/amsfonts.sty
Package: amsfonts 2013/01/14 v3.01 Basic AMSFonts support
\symAMSa=\mathgroup7
\symAMSb=\mathgroup8
LaTeX Font Info:    Redeclaring math symbol \hbar on input line 98.
LaTeX Font Info:    Overwriting math alphabet `\mathfrak' in version `bold'
(Font)                  U/euf/m/n --> U/euf/b/n on input line 106.
)
(/usr/local/texlive/2020/texmf-dist/tex/latex/amscls/amsthm.sty
Package: amsthm 2017/10/31 v2.20.4
\thm@style=\toks29
\thm@bodyfont=\toks30
\thm@headfont=\toks31
\thm@notefont=\toks32
\thm@headpunct=\toks33
\thm@preskip=\skip127
\thm@postskip=\skip128
\thm@headsep=\skip129
\dth@everypar=\toks34
)
(/usr/local/texlive/2020/texmf-dist/tex/latex/amsfonts/amssymb.sty
Package: amssymb 2013/01/14 v3.01 AMS font symbols
)
(/usr/local/texlive/2020/texmf-dist/tex/latex/geometry/geometry.sty
Package: geometry 2020/01/02 v5.9 Page Geometry

(/usr/local/texlive/2020/texmf-dist/tex/generic/iftex/ifvtex.sty
Package: ifvtex 2019/10/25 v1.7 ifvtex legacy package. Use iftex instead.
)
\Gm@cnth=\count292
\Gm@cntv=\count293
\c@Gm@tempcnt=\count294
\Gm@bindingoffset=\dimen178
\Gm@wd@mp=\dimen179
\Gm@odd@mp=\dimen180
\Gm@even@mp=\dimen181
\Gm@layoutwidth=\dimen182
\Gm@layoutheight=\dimen183
\Gm@layouthoffset=\dimen184
\Gm@layoutvoffset=\dimen185
\Gm@dimlist=\toks35
)
(/usr/local/texlive/2020/texmf-dist/tex/latex/graphics/graphicx.sty
Package: graphicx 2019/11/30 v1.2a Enhanced LaTeX Graphics (DPC,SPQR)

(/usr/local/texlive/2020/texmf-dist/tex/latex/graphics/graphics.sty
Package: graphics 2019/11/30 v1.4a Standard LaTeX Graphics (DPC,SPQR)

(/usr/local/texlive/2020/texmf-dist/tex/latex/graphics/trig.sty
Package: trig 2016/01/03 v1.10 sin cos tan (DPC)
)
(/usr/local/texlive/2020/texmf-dist/tex/latex/graphics-cfg/graphics.cfg
File: graphics.cfg 2016/06/04 v1.11 sample graphics configuration
)
Package graphics Info: Driver file: pdftex.def on input line 105.
)
\Gin@req@height=\dimen186
\Gin@req@width=\dimen187
)
(/usr/local/texlive/2020/texmf-dist/tex/latex/url/url.sty
\Urlmuskip=\muskip17
Package: url 2013/09/16  ver 3.4  Verb mode for urls, etc.
)
\c@lemma=\count295

(/usr/local/texlive/2020/texmf-dist/tex/latex/fancyhdr/fancyhdr.sty
Package: fancyhdr 2019/01/31 v3.10 Extensive control of page headers and footer
s
\f@nch@headwidth=\skip130
\f@nch@O@elh=\skip131
\f@nch@O@erh=\skip132
\f@nch@O@olh=\skip133
\f@nch@O@orh=\skip134
\f@nch@O@elf=\skip135
\f@nch@O@erf=\skip136
\f@nch@O@olf=\skip137
\f@nch@O@orf=\skip138
)
(/usr/local/texlive/2020/texmf-dist/tex/latex/algorithm2e/algorithm2e.sty
Package: algorithm2e 2017/07/18 v5.2 algorithms environments
\c@AlgoLine=\count296

(/usr/local/texlive/2020/texmf-dist/tex/latex/base/ifthen.sty
Package: ifthen 2014/09/29 v1.1c Standard LaTeX ifthen package (DPC)
)
\algocf@hangindent=\skip139

(/usr/local/texlive/2020/texmf-dist/tex/latex/ifoddpage/ifoddpage.sty
Package: ifoddpage 2016/04/23 v1.1 Conditionals for odd/even page detection
\c@checkoddpage=\count297
)
(/usr/local/texlive/2020/texmf-dist/tex/latex/tools/xspace.sty
Package: xspace 2014/10/28 v1.13 Space after command names (DPC,MH)
)
(/usr/local/texlive/2020/texmf-dist/tex/latex/relsize/relsize.sty
Package: relsize 2013/03/29 ver 4.1
)
\skiptotal=\skip140
\skiplinenumber=\skip141
\skiprule=\skip142
\skiphlne=\skip143
\skiptext=\skip144
\skiplength=\skip145
\algomargin=\skip146
\skipalgocfslide=\skip147
\algowidth=\dimen188
\inoutsize=\dimen189
\inoutindent=\dimen190
\interspacetitleruled=\dimen191
\interspacealgoruled=\dimen192
\interspacetitleboxruled=\dimen193
\algocf@ruledwidth=\skip148
\algocf@inoutbox=\box108
\algocf@inputbox=\box109
\AlCapSkip=\skip149
\AlCapHSkip=\skip150
\algoskipindent=\skip151
\algocf@nlbox=\box110
\algocf@hangingbox=\box111
\algocf@untilbox=\box112
\algocf@skipuntil=\skip152
\algocf@capbox=\box113
\algocf@lcaptionbox=\skip153
\algoheightruledefault=\skip154
\algoheightrule=\skip155
\algotitleheightruledefault=\skip156
\algotitleheightrule=\skip157
\c@algocfline=\count298
\c@algocfproc=\count299
\c@algocf=\count300
\algocf@algoframe=\box114
\algocf@algobox=\box115
)
(/usr/local/texlive/2020/texmf-dist/tex/latex/multirow/multirow.sty
Package: multirow 2019/05/31 v2.5 Span multiple rows of a table
\multirow@colwidth=\skip158
\multirow@cntb=\count301
\multirow@dima=\skip159
\bigstrutjot=\dimen194
))
(./doc.aux)
\openout1 = `doc.aux'.

LaTeX Font Info:    Checking defaults for OML/cmm/m/it on input line 5.
LaTeX Font Info:    ... okay on input line 5.
LaTeX Font Info:    Checking defaults for OMS/cmsy/m/n on input line 5.
LaTeX Font Info:    ... okay on input line 5.
LaTeX Font Info:    Checking defaults for OT1/cmr/m/n on input line 5.
LaTeX Font Info:    ... okay on input line 5.
LaTeX Font Info:    Checking defaults for T1/cmr/m/n on input line 5.
LaTeX Font Info:    ... okay on input line 5.
LaTeX Font Info:    Checking defaults for TS1/cmr/m/n on input line 5.
LaTeX Font Info:    ... okay on input line 5.
LaTeX Font Info:    Checking defaults for OMX/cmex/m/n on input line 5.
LaTeX Font Info:    ... okay on input line 5.
LaTeX Font Info:    Checking defaults for U/cmr/m/n on input line 5.
LaTeX Font Info:    ... okay on input line 5.
Configuring pdfsync
\PDFSYNC@ut=\write3
\openout3 = `doc.pdfsync'.

\PDFSYNCf@li@=\count302
\PDFSYNC@rder=\count303
**** pdfsync.sty: Synchronizing at \everypar
\PDFSYNCeveryp@r=\toks36
**** pdfsync.sty: Synchronizing at \everymath
\PDFSYNCeverym@th=\toks37
**** pdfsync.sty: Synchronizing at \everyhbox
\PDFSYNCeveryhb@x=\toks38
**** pdfsync.sty: Synchronizing at \everyvbox
\PDFSYNCeveryvb@x=\toks39
**** pdfsync.sty: started
\c@lstlisting=\count304
Package caption Info: Begin \AtBeginDocument code.
Package caption Info: wrapfig package is loaded.
Package caption Info: End \AtBeginDocument code.
\AtBeginShipoutBox=\box116

(/usr/local/texlive/2020/texmf-dist/tex/context/base/mkii/supp-pdf.mkii
[Loading MPS to PDF converter (version 2006.09.02).]
\scratchcounter=\count305
\scratchdimen=\dimen195
\scratchbox=\box117
\nofMPsegments=\count306
\nofMParguments=\count307
\everyMPshowfont=\toks40
\MPscratchCnt=\count308
\MPscratchDim=\dimen196
\MPnumerator=\count309
\makeMPintoPDFobject=\count310
\everyMPtoPDFconversion=\toks41
) (/usr/local/texlive/2020/texmf-dist/tex/latex/epstopdf-pkg/epstopdf-base.sty
Package: epstopdf-base 2020-01-24 v2.11 Base part for package epstopdf
Package epstopdf-base Info: Redefining graphics rule for `.eps' on input line 4
85.

(/usr/local/texlive/2020/texmf-dist/tex/latex/latexconfig/epstopdf-sys.cfg
File: epstopdf-sys.cfg 2010/07/13 v1.3 Configuration of (r)epstopdf for TeX Liv
e
))
*geometry* driver: auto-detecting
*geometry* detected driver: pdftex
*geometry* verbose mode - [ preamble ] result:
* driver: pdftex
* paper: <default>
* layout: <same size as paper>
* layoutoffset:(h,v)=(0.0pt,0.0pt)
* modes: 
* h-part:(L,W,R)=(65.04256pt, 484.20988pt, 65.04256pt)
* v-part:(T,H,B)=(65.04256pt, 664.88487pt, 65.04256pt)
* \paperwidth=614.295pt
* \paperheight=794.96999pt
* \textwidth=484.20988pt
* \textheight=664.88487pt
* \oddsidemargin=-7.22743pt
* \evensidemargin=-7.22743pt
* \topmargin=-44.22743pt
* \headheight=12.0pt
* \headsep=25.0pt
* \topskip=10.0pt
* \footskip=30.0pt
* \marginparwidth=65.0pt
* \marginparsep=11.0pt
* \columnsep=10.0pt
* \skip\footins=9.0pt plus 4.0pt minus 2.0pt
* \hoffset=0.0pt
* \voffset=0.0pt
* \mag=1000
* \@twocolumnfalse
* \@twosidefalse
* \@mparswitchfalse
* \@reversemarginfalse
* (1in=72.27pt=25.4mm, 1cm=28.453pt)

(./body/title.tex
LaTeX Font Info:    Trying to load font information for U+msa on input line 5.

(/usr/local/texlive/2020/texmf-dist/tex/latex/amsfonts/umsa.fd
File: umsa.fd 2013/01/14 v3.01 AMS symbols A
)
LaTeX Font Info:    Trying to load font information for U+msb on input line 5.

(/usr/local/texlive/2020/texmf-dist/tex/latex/amsfonts/umsb.fd
File: umsb.fd 2013/01/14 v3.01 AMS symbols B
)) (./body/a1.tex) (./body/a2.tex [1

{/usr/local/texlive/2020/texmf-var/fonts/map/pdftex/updmap/pdftex.map}]) (./bod
y/a3.tex
<../figures/a3_plot_b.pdf, id=17, 462.52798pt x 346.89601pt>
File: ../figures/a3_plot_b.pdf Graphic file (type pdf)
<use ../figures/a3_plot_b.pdf>
Package pdftex.def Info: ../figures/a3_plot_b.pdf  used on input line 8.
(pdftex.def)             Requested size: 387.36938pt x 290.54375pt.
<../figures/a3_clusters.pdf, id=18, 578.16pt x 361.35pt>
File: ../figures/a3_clusters.pdf Graphic file (type pdf)
<use ../figures/a3_clusters.pdf>
Package pdftex.def Info: ../figures/a3_clusters.pdf  used on input line 13.
(pdftex.def)             Requested size: 387.36938pt x 242.10324pt.


LaTeX Warning: `!h' float specifier changed to `!ht'.

<../figures/a3_plot_c.pdf, id=19, 462.52798pt x 346.89601pt>
File: ../figures/a3_plot_c.pdf Graphic file (type pdf)
<use ../figures/a3_plot_c.pdf>
Package pdftex.def Info: ../figures/a3_plot_c.pdf  used on input line 19.
(pdftex.def)             Requested size: 387.36938pt x 290.54375pt.

LaTeX Warning: `!h' float specifier changed to `!ht'.

(../code/a3.py
LaTeX Font Info:    Font shape `OT1/cmtt/bx/n' in size <8> not available
(Font)              Font shape `OT1/cmtt/m/n' tried instead on input line 3.
 [2 <../figures/a3_plot_b.pdf>] [3 <../figures/a3_clusters.pdf> <../figures/a3_
plot_c.pdf

pdfTeX warning: /Library/TeX/texbin/pdflatex (file ../figures/a3_plot_c.pdf): P
DF inclusion: multiple pdfs with page group included in a single page
>] [4] [5])) (./body/a4.tex [6]
<../figures/a4_re.pdf, id=144, 462.52798pt x 346.89601pt>
File: ../figures/a4_re.pdf Graphic file (type pdf)
<use ../figures/a4_re.pdf>
Package pdftex.def Info: ../figures/a4_re.pdf  used on input line 58.
(pdftex.def)             Requested size: 387.36938pt x 290.54375pt.
<../figures/a4_fre.pdf, id=145, 462.52798pt x 346.89601pt>
File: ../figures/a4_fre.pdf Graphic file (type pdf)
<use ../figures/a4_fre.pdf>
Package pdftex.def Info: ../figures/a4_fre.pdf  used on input line 63.
(pdftex.def)             Requested size: 387.36938pt x 290.54375pt.


LaTeX Warning: `!h' float specifier changed to `!ht'.

<../figures/a4_eigenvectors.pdf, id=146, 440.84702pt x 207.05354pt>
File: ../figures/a4_eigenvectors.pdf Graphic file (type pdf)
<use ../figures/a4_eigenvectors.pdf>
Package pdftex.def Info: ../figures/a4_eigenvectors.pdf  used on input line 69.

(pdftex.def)             Requested size: 387.36938pt x 181.93596pt.
[7 <../figures/a4_re.pdf>]
<../figures/a4_actual.pdf, id=183, 440.84702pt x 139.722pt>
File: ../figures/a4_actual.pdf Graphic file (type pdf)
<use ../figures/a4_actual.pdf>
Package pdftex.def Info: ../figures/a4_actual.pdf  used on input line 76.
(pdftex.def)             Requested size: 290.52888pt x 92.08035pt.
<../figures/a4_recon_5.pdf, id=184, 440.84702pt x 139.722pt>
File: ../figures/a4_recon_5.pdf Graphic file (type pdf)
<use ../figures/a4_recon_5.pdf>
Package pdftex.def Info: ../figures/a4_recon_5.pdf  used on input line 78.
(pdftex.def)             Requested size: 290.52888pt x 92.08035pt.
<../figures/a4_recon_15.pdf, id=185, 440.84702pt x 139.722pt>
File: ../figures/a4_recon_15.pdf Graphic file (type pdf)
<use ../figures/a4_recon_15.pdf>
Package pdftex.def Info: ../figures/a4_recon_15.pdf  used on input line 80.
(pdftex.def)             Requested size: 290.52888pt x 92.08035pt.
<../figures/a4_recon_40.pdf, id=186, 440.84702pt x 139.722pt>
File: ../figures/a4_recon_40.pdf Graphic file (type pdf)
<use ../figures/a4_recon_40.pdf>
Package pdftex.def Info: ../figures/a4_recon_40.pdf  used on input line 82.
(pdftex.def)             Requested size: 290.52888pt x 92.08035pt.
<../figures/a4_recon_100.pdf, id=187, 440.84702pt x 139.722pt>
File: ../figures/a4_recon_100.pdf Graphic file (type pdf)
<use ../figures/a4_recon_100.pdf>
Package pdftex.def Info: ../figures/a4_recon_100.pdf  used on input line 84.
(pdftex.def)             Requested size: 290.52888pt x 92.08035pt.


LaTeX Warning: `!h' float specifier changed to `!ht'.

(../code/a4.py [8 <../figures/a4_fre.pdf> <../figures/a4_eigenvectors.pdf

pdfTeX warning: /Library/TeX/texbin/pdflatex (file ../figures/a4_eigenvectors.p
df): PDF inclusion: multiple pdfs with page group included in a single page
>] [9 <../figures/a4_actual.pdf> <../figures/a4_recon_5.pdf

pdfTeX warning: /Library/TeX/texbin/pdflatex (file ../figures/a4_recon_5.pdf): 
PDF inclusion: multiple pdfs with page group included in a single page
> <../figures/a4_recon_15.pdf

pdfTeX warning: /Library/TeX/texbin/pdflatex (file ../figures/a4_recon_15.pdf):
 PDF inclusion: multiple pdfs with page group included in a single page
> <../figures/a4_recon_40.pdf

pdfTeX warning: /Library/TeX/texbin/pdflatex (file ../figures/a4_recon_40.pdf):
 PDF inclusion: multiple pdfs with page group included in a single page
> <../figures/a4_recon_100.pdf

pdfTeX warning: /Library/TeX/texbin/pdflatex (file ../figures/a4_recon_100.pdf)
: PDF inclusion: multiple pdfs with page group included in a single page
>] [10] [11])) (./body/a5.tex
<../figures/a5_True_actual.pdf, id=294, 411.939pt x 31.43745pt>
File: ../figures/a5_True_actual.pdf Graphic file (type pdf)
<use ../figures/a5_True_actual.pdf>
Package pdftex.def Info: ../figures/a5_True_actual.pdf  used on input line 8.
(pdftex.def)             Requested size: 387.36938pt x 29.56223pt.
<../figures/a5_True_32.pdf, id=295, 411.939pt x 31.43745pt>
File: ../figures/a5_True_32.pdf Graphic file (type pdf)
<use ../figures/a5_True_32.pdf>
Package pdftex.def Info: ../figures/a5_True_32.pdf  used on input line 10.
(pdftex.def)             Requested size: 387.36938pt x 29.56223pt.
<../figures/a5_True_64.pdf, id=296, 411.939pt x 31.43745pt>
File: ../figures/a5_True_64.pdf Graphic file (type pdf)
<use ../figures/a5_True_64.pdf>
Package pdftex.def Info: ../figures/a5_True_64.pdf  used on input line 12.
(pdftex.def)             Requested size: 387.36938pt x 29.56223pt.
<../figures/a5_True_128.pdf, id=297, 411.939pt x 31.43745pt>
File: ../figures/a5_True_128.pdf Graphic file (type pdf)
<use ../figures/a5_True_128.pdf>
Package pdftex.def Info: ../figures/a5_True_128.pdf  used on input line 14.
(pdftex.def)             Requested size: 387.36938pt x 29.56223pt.


LaTeX Warning: `!h' float specifier changed to `!ht'.

<../figures/a5_False_actual.pdf, id=298, 411.939pt x 31.43745pt>
File: ../figures/a5_False_actual.pdf Graphic file (type pdf)
<use ../figures/a5_False_actual.pdf>
Package pdftex.def Info: ../figures/a5_False_actual.pdf  used on input line 21.

(pdftex.def)             Requested size: 387.36938pt x 29.56223pt.
<../figures/a5_False_32.pdf, id=299, 411.939pt x 31.43745pt>
File: ../figures/a5_False_32.pdf Graphic file (type pdf)
<use ../figures/a5_False_32.pdf>
Package pdftex.def Info: ../figures/a5_False_32.pdf  used on input line 23.
(pdftex.def)             Requested size: 387.36938pt x 29.56223pt.
<../figures/a5_False_64.pdf, id=300, 411.939pt x 31.43745pt>
File: ../figures/a5_False_64.pdf Graphic file (type pdf)
<use ../figures/a5_False_64.pdf>
Package pdftex.def Info: ../figures/a5_False_64.pdf  used on input line 25.
(pdftex.def)             Requested size: 387.36938pt x 29.56223pt.
<../figures/a5_False_128.pdf, id=301, 411.939pt x 31.43745pt>
File: ../figures/a5_False_128.pdf Graphic file (type pdf)
<use ../figures/a5_False_128.pdf>
Package pdftex.def Info: ../figures/a5_False_128.pdf  used on input line 27.
(pdftex.def)             Requested size: 387.36938pt x 29.56223pt.

LaTeX Warning: `!h' float specifier changed to `!ht'.

<../figures/a5_d_actual.pdf, id=302, 440.84702pt x 34.32825pt>
File: ../figures/a5_d_actual.pdf Graphic file (type pdf)
<use ../figures/a5_d_actual.pdf>
Package pdftex.def Info: ../figures/a5_d_actual.pdf  used on input line 49.
(pdftex.def)             Requested size: 387.36938pt x 30.16388pt.
<../figures/a5_d_recon_32.pdf, id=303, 440.84702pt x 34.32825pt>
File: ../figures/a5_d_recon_32.pdf Graphic file (type pdf)
<use ../figures/a5_d_recon_32.pdf>
Package pdftex.def Info: ../figures/a5_d_recon_32.pdf  used on input line 51.
(pdftex.def)             Requested size: 387.36938pt x 30.16388pt.
<../figures/a5_d_recon_64.pdf, id=304, 440.84702pt x 34.32825pt>
File: ../figures/a5_d_recon_64.pdf Graphic file (type pdf)
<use ../figures/a5_d_recon_64.pdf>
Package pdftex.def Info: ../figures/a5_d_recon_64.pdf  used on input line 53.
(pdftex.def)             Requested size: 387.36938pt x 30.16388pt.
<../figures/a5_d_recon_128.pdf, id=305, 440.84702pt x 34.32825pt>
File: ../figures/a5_d_recon_128.pdf Graphic file (type pdf)
<use ../figures/a5_d_recon_128.pdf>
Package pdftex.def Info: ../figures/a5_d_recon_128.pdf  used on input line 55.
(pdftex.def)             Requested size: 387.36938pt x 30.16388pt.

LaTeX Warning: `!h' float specifier changed to `!ht'.

[12] (../code/a5.py [13 <../figures/a5_True_actual.pdf> <../figures/a5_True_32.
pdf

pdfTeX warning: /Library/TeX/texbin/pdflatex (file ../figures/a5_True_32.pdf): 
PDF inclusion: multiple pdfs with page group included in a single page
> <../figures/a5_True_64.pdf

pdfTeX warning: /Library/TeX/texbin/pdflatex (file ../figures/a5_True_64.pdf): 
PDF inclusion: multiple pdfs with page group included in a single page
> <../figures/a5_True_128.pdf

pdfTeX warning: /Library/TeX/texbin/pdflatex (file ../figures/a5_True_128.pdf):
 PDF inclusion: multiple pdfs with page group included in a single page
> <../figures/a5_False_actual.pdf

pdfTeX warning: /Library/TeX/texbin/pdflatex (file ../figures/a5_False_actual.p
df): PDF inclusion: multiple pdfs with page group included in a single page
> <../figures/a5_False_32.pdf

pdfTeX warning: /Library/TeX/texbin/pdflatex (file ../figures/a5_False_32.pdf):
 PDF inclusion: multiple pdfs with page group included in a single page
> <../figures/a5_False_64.pdf

pdfTeX warning: /Library/TeX/texbin/pdflatex (file ../figures/a5_False_64.pdf):
 PDF inclusion: multiple pdfs with page group included in a single page
> <../figures/a5_False_128.pdf

pdfTeX warning: /Library/TeX/texbin/pdflatex (file ../figures/a5_False_128.pdf)
: PDF inclusion: multiple pdfs with page group included in a single page
>] [14 <../figures/a5_d_actual.pdf> <../figures/a5_d_recon_32.pdf

pdfTeX warning: /Library/TeX/texbin/pdflatex (file ../figures/a5_d_recon_32.pdf
): PDF inclusion: multiple pdfs with page group included in a single page
> <../figures/a5_d_recon_64.pdf

pdfTeX warning: /Library/TeX/texbin/pdflatex (file ../figures/a5_d_recon_64.pdf
): PDF inclusion: multiple pdfs with page group included in a single page
> <../figures/a5_d_recon_128.pdf

pdfTeX warning: /Library/TeX/texbin/pdflatex (file ../figures/a5_d_recon_128.pd
f): PDF inclusion: multiple pdfs with page group included in a single page
>] [15])) (./body/a7.tex (../code/hw4_p7.py [16] [17])) [18] (./doc.aux) ) 
Here is how much of TeX's memory you used:
 10660 strings out of 480608
 165823 string characters out of 5903631
 796870 words of memory out of 5000000
 26293 multiletter control sequences out of 15000+600000
 545448 words of font info for 73 fonts, out of 8000000 for 9000
 1141 hyphenation exceptions out of 8191
 51i,19n,48p,857b,2035s stack positions out of 5000i,500n,10000p,200000b,80000s
</usr
/local/texlive/2020/texmf-dist/fonts/type1/public/amsfonts/cm/cmbx10.pfb></usr/
local/texlive/2020/texmf-dist/fonts/type1/public/amsfonts/cm/cmbx12.pfb></usr/l
ocal/texlive/2020/texmf-dist/fonts/type1/public/amsfonts/cm/cmex10.pfb></usr/lo
cal/texlive/2020/texmf-dist/fonts/type1/public/amsfonts/cm/cmitt10.pfb></usr/lo
cal/texlive/2020/texmf-dist/fonts/type1/public/amsfonts/cm/cmmi10.pfb></usr/loc
al/texlive/2020/texmf-dist/fonts/type1/public/amsfonts/cm/cmmi7.pfb></usr/local
/texlive/2020/texmf-dist/fonts/type1/public/amsfonts/cm/cmr10.pfb></usr/local/t
exlive/2020/texmf-dist/fonts/type1/public/amsfonts/cm/cmr17.pfb></usr/local/tex
live/2020/texmf-dist/fonts/type1/public/amsfonts/cm/cmr7.pfb></usr/local/texliv
e/2020/texmf-dist/fonts/type1/public/amsfonts/cm/cmr8.pfb></usr/local/texlive/2
020/texmf-dist/fonts/type1/public/amsfonts/cm/cmsy10.pfb></usr/local/texlive/20
20/texmf-dist/fonts/type1/public/amsfonts/cm/cmsy7.pfb></usr/local/texlive/2020
/texmf-dist/fonts/type1/public/amsfonts/cm/cmtt8.pfb></usr/local/texlive/2020/t
exmf-dist/fonts/type1/public/amsfonts/symbols/msbm10.pfb>
Output written on doc.pdf (18 pages, 549456 bytes).
PDF statistics:
 629 PDF objects out of 1000 (max. 8388607)
 288 compressed objects within 3 object streams
 0 named destinations out of 1000 (max. 500000)
 116 words of extra memory for PDF output out of 10000 (max. 10000000)

